2024-06-01 10:11:04,185 - DEBUG - Building SSL context
2024-06-01 10:11:04,190 - DEBUG - Switching to SSL
2024-06-01 10:11:04,196 - DEBUG - SSL has been enabled
2024-06-01 10:11:04,196 - DEBUG - Starting authorization phase
2024-06-01 10:11:04,196 - DEBUG - The provided initial strategy is caching_sha2_password
2024-06-01 10:11:04,196 - INFO - package: mysql.connector.plugins
2024-06-01 10:11:04,196 - INFO - plugin_name: caching_sha2_password
2024-06-01 10:11:04,196 - INFO - AUTHENTICATION_PLUGIN_CLASS: MySQLCachingSHA2PasswordAuthPlugin
2024-06-01 10:11:04,196 - DEBUG - Exchanging further packets
2024-06-01 10:11:04,198 - DEBUG - caching_sha2_password completed succesfully
2024-06-01 10:11:20,099 - DEBUG - Building SSL context
2024-06-01 10:11:20,101 - DEBUG - Switching to SSL
2024-06-01 10:11:20,103 - DEBUG - SSL has been enabled
2024-06-01 10:11:20,104 - DEBUG - Starting authorization phase
2024-06-01 10:11:20,104 - DEBUG - The provided initial strategy is caching_sha2_password
2024-06-01 10:11:20,104 - INFO - package: mysql.connector.plugins
2024-06-01 10:11:20,104 - INFO - plugin_name: caching_sha2_password
2024-06-01 10:11:20,104 - INFO - AUTHENTICATION_PLUGIN_CLASS: MySQLCachingSHA2PasswordAuthPlugin
2024-06-01 10:11:20,104 - DEBUG - Exchanging further packets
2024-06-01 10:11:20,104 - DEBUG - caching_sha2_password completed succesfully
2024-06-01 10:11:20,354 - ERROR - Invalid Password
2024-06-01 10:12:21,728 - DEBUG - Building SSL context
2024-06-01 10:12:21,729 - DEBUG - Switching to SSL
2024-06-01 10:12:21,732 - DEBUG - SSL has been enabled
2024-06-01 10:12:21,732 - DEBUG - Starting authorization phase
2024-06-01 10:12:21,732 - DEBUG - The provided initial strategy is caching_sha2_password
2024-06-01 10:12:21,732 - INFO - package: mysql.connector.plugins
2024-06-01 10:12:21,732 - INFO - plugin_name: caching_sha2_password
2024-06-01 10:12:21,732 - INFO - AUTHENTICATION_PLUGIN_CLASS: MySQLCachingSHA2PasswordAuthPlugin
2024-06-01 10:12:21,732 - DEBUG - Exchanging further packets
2024-06-01 10:12:21,732 - DEBUG - caching_sha2_password completed succesfully
2024-06-01 10:12:21,734 - ERROR - User Doesn't exists
2024-06-01 10:13:10,062 - DEBUG - Building SSL context
2024-06-01 10:13:10,063 - DEBUG - Switching to SSL
2024-06-01 10:13:10,066 - DEBUG - SSL has been enabled
2024-06-01 10:13:10,066 - DEBUG - Starting authorization phase
2024-06-01 10:13:10,066 - DEBUG - The provided initial strategy is caching_sha2_password
2024-06-01 10:13:10,066 - INFO - package: mysql.connector.plugins
2024-06-01 10:13:10,066 - INFO - plugin_name: caching_sha2_password
2024-06-01 10:13:10,066 - INFO - AUTHENTICATION_PLUGIN_CLASS: MySQLCachingSHA2PasswordAuthPlugin
2024-06-01 10:13:10,066 - DEBUG - Exchanging further packets
2024-06-01 10:13:10,066 - DEBUG - caching_sha2_password completed succesfully
2024-06-01 10:13:10,325 - ERROR - Login Error : module 'logging' has no attribute 'success'
2024-06-01 10:13:20,972 - DEBUG - Building SSL context
2024-06-01 10:13:20,974 - DEBUG - Switching to SSL
2024-06-01 10:13:20,976 - DEBUG - SSL has been enabled
2024-06-01 10:13:20,977 - DEBUG - Starting authorization phase
2024-06-01 10:13:20,977 - DEBUG - The provided initial strategy is caching_sha2_password
2024-06-01 10:13:20,977 - INFO - package: mysql.connector.plugins
2024-06-01 10:13:20,977 - INFO - plugin_name: caching_sha2_password
2024-06-01 10:13:20,977 - INFO - AUTHENTICATION_PLUGIN_CLASS: MySQLCachingSHA2PasswordAuthPlugin
2024-06-01 10:13:20,977 - DEBUG - Exchanging further packets
2024-06-01 10:13:20,977 - DEBUG - caching_sha2_password completed succesfully
2024-06-01 10:13:21,233 - ERROR - Login Error : 'module' object is not callable
2024-06-01 10:14:00,485 - DEBUG - Building SSL context
2024-06-01 10:14:00,487 - DEBUG - Switching to SSL
2024-06-01 10:14:00,490 - DEBUG - SSL has been enabled
2024-06-01 10:14:00,490 - DEBUG - Starting authorization phase
2024-06-01 10:14:00,490 - DEBUG - The provided initial strategy is caching_sha2_password
2024-06-01 10:14:00,490 - INFO - package: mysql.connector.plugins
2024-06-01 10:14:00,490 - INFO - plugin_name: caching_sha2_password
2024-06-01 10:14:00,490 - INFO - AUTHENTICATION_PLUGIN_CLASS: MySQLCachingSHA2PasswordAuthPlugin
2024-06-01 10:14:00,491 - DEBUG - Exchanging further packets
2024-06-01 10:14:00,491 - DEBUG - caching_sha2_password completed succesfully
2024-06-01 10:14:00,747 - INFO - User Logged In
2024-06-01 10:14:00,894 - DEBUG - Building SSL context
2024-06-01 10:14:00,894 - DEBUG - Switching to SSL
2024-06-01 10:14:00,901 - DEBUG - SSL has been enabled
2024-06-01 10:14:00,901 - DEBUG - Starting authorization phase
2024-06-01 10:14:00,901 - DEBUG - The provided initial strategy is caching_sha2_password
2024-06-01 10:14:00,903 - DEBUG - Exchanging further packets
2024-06-01 10:14:00,904 - DEBUG - caching_sha2_password completed succesfully
2024-06-01 10:14:00,916 - DEBUG - Building SSL context
2024-06-01 10:14:00,919 - DEBUG - Switching to SSL
2024-06-01 10:14:00,925 - DEBUG - SSL has been enabled
2024-06-01 10:14:00,926 - DEBUG - Starting authorization phase
2024-06-01 10:14:00,926 - DEBUG - The provided initial strategy is caching_sha2_password
2024-06-01 10:14:00,927 - DEBUG - Exchanging further packets
2024-06-01 10:14:00,928 - DEBUG - caching_sha2_password completed succesfully
2024-06-01 10:14:00,956 - DEBUG - Building SSL context
2024-06-01 10:14:00,957 - DEBUG - Switching to SSL
2024-06-01 10:14:00,965 - DEBUG - SSL has been enabled
2024-06-01 10:14:00,966 - DEBUG - Starting authorization phase
2024-06-01 10:14:00,966 - DEBUG - The provided initial strategy is caching_sha2_password
2024-06-01 10:14:00,969 - DEBUG - Exchanging further packets
2024-06-01 10:14:00,970 - DEBUG - caching_sha2_password completed succesfully
2024-06-01 10:14:00,975 - DEBUG - Building SSL context
2024-06-01 10:14:00,976 - DEBUG - Switching to SSL
2024-06-01 10:14:00,979 - DEBUG - SSL has been enabled
2024-06-01 10:14:00,980 - DEBUG - Starting authorization phase
2024-06-01 10:14:00,981 - DEBUG - The provided initial strategy is caching_sha2_password
2024-06-01 10:14:00,981 - DEBUG - Exchanging further packets
2024-06-01 10:14:00,982 - DEBUG - caching_sha2_password completed succesfully
2024-06-01 10:16:12,150 - DEBUG - Building SSL context
2024-06-01 10:16:12,153 - DEBUG - Switching to SSL
2024-06-01 10:16:12,157 - DEBUG - SSL has been enabled
2024-06-01 10:16:12,158 - DEBUG - Starting authorization phase
2024-06-01 10:16:12,158 - DEBUG - The provided initial strategy is caching_sha2_password
2024-06-01 10:16:12,158 - INFO - package: mysql.connector.plugins
2024-06-01 10:16:12,158 - INFO - plugin_name: caching_sha2_password
2024-06-01 10:16:12,158 - INFO - AUTHENTICATION_PLUGIN_CLASS: MySQLCachingSHA2PasswordAuthPlugin
2024-06-01 10:16:12,159 - DEBUG - Exchanging further packets
2024-06-01 10:16:12,159 - DEBUG - caching_sha2_password completed succesfully
2024-06-01 10:16:12,161 - DEBUG - Building SSL context
2024-06-01 10:16:12,161 - DEBUG - Switching to SSL
2024-06-01 10:16:12,163 - DEBUG - SSL has been enabled
2024-06-01 10:16:12,163 - DEBUG - Starting authorization phase
2024-06-01 10:16:12,164 - DEBUG - The provided initial strategy is caching_sha2_password
2024-06-01 10:16:12,164 - DEBUG - Exchanging further packets
2024-06-01 10:16:12,164 - DEBUG - caching_sha2_password completed succesfully
2024-06-01 10:16:12,171 - ERROR - Invalid Input Length
2024-06-01 10:16:29,778 - DEBUG - Building SSL context
2024-06-01 10:16:29,779 - DEBUG - Switching to SSL
2024-06-01 10:16:29,786 - DEBUG - SSL has been enabled
2024-06-01 10:16:29,786 - DEBUG - Starting authorization phase
2024-06-01 10:16:29,786 - DEBUG - The provided initial strategy is caching_sha2_password
2024-06-01 10:16:29,786 - DEBUG - Exchanging further packets
2024-06-01 10:16:29,787 - DEBUG - caching_sha2_password completed succesfully
2024-06-01 10:16:29,788 - DEBUG - Building SSL context
2024-06-01 10:16:29,789 - DEBUG - Switching to SSL
2024-06-01 10:16:29,791 - DEBUG - SSL has been enabled
2024-06-01 10:16:29,791 - DEBUG - Starting authorization phase
2024-06-01 10:16:29,791 - DEBUG - The provided initial strategy is caching_sha2_password
2024-06-01 10:16:29,792 - DEBUG - Exchanging further packets
2024-06-01 10:16:29,792 - DEBUG - caching_sha2_password completed succesfully
2024-06-01 10:16:30,051 - INFO - Employee added successfully
2024-06-01 10:19:26,234 - DEBUG - Building SSL context
2024-06-01 10:19:26,235 - DEBUG - Switching to SSL
2024-06-01 10:19:26,238 - DEBUG - SSL has been enabled
2024-06-01 10:19:26,238 - DEBUG - Starting authorization phase
2024-06-01 10:19:26,238 - DEBUG - The provided initial strategy is caching_sha2_password
2024-06-01 10:19:26,238 - INFO - package: mysql.connector.plugins
2024-06-01 10:19:26,238 - INFO - plugin_name: caching_sha2_password
2024-06-01 10:19:26,238 - INFO - AUTHENTICATION_PLUGIN_CLASS: MySQLCachingSHA2PasswordAuthPlugin
2024-06-01 10:19:26,239 - DEBUG - Exchanging further packets
2024-06-01 10:19:26,239 - DEBUG - caching_sha2_password completed succesfully
2024-06-01 10:19:26,243 - DEBUG - Building SSL context
2024-06-01 10:19:26,243 - DEBUG - Switching to SSL
2024-06-01 10:19:26,246 - DEBUG - SSL has been enabled
2024-06-01 10:19:26,247 - DEBUG - Starting authorization phase
2024-06-01 10:19:26,247 - DEBUG - The provided initial strategy is caching_sha2_password
2024-06-01 10:19:26,247 - DEBUG - Exchanging further packets
2024-06-01 10:19:26,247 - DEBUG - caching_sha2_password completed succesfully
2024-06-01 10:19:57,760 - DEBUG - Building SSL context
2024-06-01 10:19:57,762 - DEBUG - Switching to SSL
2024-06-01 10:19:57,764 - DEBUG - SSL has been enabled
2024-06-01 10:19:57,764 - DEBUG - Starting authorization phase
2024-06-01 10:19:57,765 - DEBUG - The provided initial strategy is caching_sha2_password
2024-06-01 10:19:57,765 - INFO - package: mysql.connector.plugins
2024-06-01 10:19:57,765 - INFO - plugin_name: caching_sha2_password
2024-06-01 10:19:57,765 - INFO - AUTHENTICATION_PLUGIN_CLASS: MySQLCachingSHA2PasswordAuthPlugin
2024-06-01 10:19:57,765 - DEBUG - Exchanging further packets
2024-06-01 10:19:57,765 - DEBUG - caching_sha2_password completed succesfully
2024-06-01 10:19:57,767 - DEBUG - Building SSL context
2024-06-01 10:19:57,768 - DEBUG - Switching to SSL
2024-06-01 10:19:57,771 - DEBUG - SSL has been enabled
2024-06-01 10:19:57,772 - DEBUG - Starting authorization phase
2024-06-01 10:19:57,772 - DEBUG - The provided initial strategy is caching_sha2_password
2024-06-01 10:19:57,773 - DEBUG - Exchanging further packets
2024-06-01 10:19:57,773 - DEBUG - caching_sha2_password completed succesfully
2024-06-01 10:19:57,781 - DEBUG - Building SSL context
2024-06-01 10:19:57,781 - DEBUG - Switching to SSL
2024-06-01 10:19:57,784 - DEBUG - SSL has been enabled
2024-06-01 10:19:57,784 - DEBUG - Starting authorization phase
2024-06-01 10:19:57,785 - DEBUG - The provided initial strategy is caching_sha2_password
2024-06-01 10:19:57,786 - DEBUG - Exchanging further packets
2024-06-01 10:19:57,786 - DEBUG - caching_sha2_password completed succesfully
2024-06-01 10:19:57,792 - DEBUG - Building SSL context
2024-06-01 10:19:57,793 - DEBUG - Switching to SSL
2024-06-01 10:19:57,795 - DEBUG - SSL has been enabled
2024-06-01 10:19:57,795 - DEBUG - Starting authorization phase
2024-06-01 10:19:57,795 - DEBUG - The provided initial strategy is caching_sha2_password
2024-06-01 10:19:57,796 - DEBUG - Exchanging further packets
2024-06-01 10:19:57,796 - DEBUG - caching_sha2_password completed succesfully
2024-06-01 10:19:58,540 - DEBUG - Building SSL context
2024-06-01 10:19:58,540 - DEBUG - Switching to SSL
2024-06-01 10:19:58,542 - DEBUG - SSL has been enabled
2024-06-01 10:19:58,543 - DEBUG - Starting authorization phase
2024-06-01 10:19:58,543 - DEBUG - The provided initial strategy is caching_sha2_password
2024-06-01 10:19:58,543 - DEBUG - Exchanging further packets
2024-06-01 10:19:58,543 - DEBUG - caching_sha2_password completed succesfully
2024-06-01 10:19:58,546 - DEBUG - Building SSL context
2024-06-01 10:19:58,546 - DEBUG - Switching to SSL
2024-06-01 10:19:58,550 - DEBUG - SSL has been enabled
2024-06-01 10:19:58,550 - DEBUG - Starting authorization phase
2024-06-01 10:19:58,550 - DEBUG - The provided initial strategy is caching_sha2_password
2024-06-01 10:19:58,550 - DEBUG - Exchanging further packets
2024-06-01 10:19:58,550 - DEBUG - caching_sha2_password completed succesfully
2024-06-01 10:19:58,559 - DEBUG - Building SSL context
2024-06-01 10:19:58,560 - DEBUG - Switching to SSL
2024-06-01 10:19:58,564 - DEBUG - SSL has been enabled
2024-06-01 10:19:58,564 - DEBUG - Starting authorization phase
2024-06-01 10:19:58,564 - DEBUG - The provided initial strategy is caching_sha2_password
2024-06-01 10:19:58,564 - DEBUG - Exchanging further packets
2024-06-01 10:19:58,564 - DEBUG - caching_sha2_password completed succesfully
2024-06-01 10:19:58,566 - DEBUG - Building SSL context
2024-06-01 10:19:58,567 - DEBUG - Switching to SSL
2024-06-01 10:19:58,569 - DEBUG - SSL has been enabled
2024-06-01 10:19:58,569 - DEBUG - Starting authorization phase
2024-06-01 10:19:58,570 - DEBUG - The provided initial strategy is caching_sha2_password
2024-06-01 10:19:58,570 - DEBUG - Exchanging further packets
2024-06-01 10:19:58,570 - DEBUG - caching_sha2_password completed succesfully
2024-06-01 10:20:03,683 - DEBUG - Building SSL context
2024-06-01 10:20:03,684 - DEBUG - Switching to SSL
2024-06-01 10:20:03,689 - DEBUG - SSL has been enabled
2024-06-01 10:20:03,689 - DEBUG - Starting authorization phase
2024-06-01 10:20:03,689 - DEBUG - The provided initial strategy is caching_sha2_password
2024-06-01 10:20:03,690 - DEBUG - Exchanging further packets
2024-06-01 10:20:03,690 - DEBUG - caching_sha2_password completed succesfully
2024-06-01 10:20:03,694 - DEBUG - Building SSL context
2024-06-01 10:20:03,694 - DEBUG - Switching to SSL
2024-06-01 10:20:03,700 - DEBUG - SSL has been enabled
2024-06-01 10:20:03,700 - DEBUG - Starting authorization phase
2024-06-01 10:20:03,700 - DEBUG - The provided initial strategy is caching_sha2_password
2024-06-01 10:20:03,701 - DEBUG - Exchanging further packets
2024-06-01 10:20:03,701 - DEBUG - caching_sha2_password completed succesfully
2024-06-01 10:20:03,713 - INFO - Project Assigned Successfulyy : EMP4
2024-06-01 10:21:49,310 - DEBUG - Building SSL context
2024-06-01 10:21:49,312 - DEBUG - Switching to SSL
2024-06-01 10:21:49,315 - DEBUG - SSL has been enabled
2024-06-01 10:21:49,316 - DEBUG - Starting authorization phase
2024-06-01 10:21:49,316 - DEBUG - The provided initial strategy is caching_sha2_password
2024-06-01 10:21:49,316 - INFO - package: mysql.connector.plugins
2024-06-01 10:21:49,316 - INFO - plugin_name: caching_sha2_password
2024-06-01 10:21:49,316 - INFO - AUTHENTICATION_PLUGIN_CLASS: MySQLCachingSHA2PasswordAuthPlugin
2024-06-01 10:21:49,316 - DEBUG - Exchanging further packets
2024-06-01 10:21:49,317 - DEBUG - caching_sha2_password completed succesfully
2024-06-01 10:21:49,319 - DEBUG - Building SSL context
2024-06-01 10:21:49,319 - DEBUG - Switching to SSL
2024-06-01 10:21:49,321 - DEBUG - SSL has been enabled
2024-06-01 10:21:49,321 - DEBUG - Starting authorization phase
2024-06-01 10:21:49,321 - DEBUG - The provided initial strategy is caching_sha2_password
2024-06-01 10:21:49,321 - DEBUG - Exchanging further packets
2024-06-01 10:21:49,322 - DEBUG - caching_sha2_password completed succesfully
2024-06-01 10:21:49,322 - ERROR - Unassign employee from project before deletion
2024-06-01 10:21:55,317 - DEBUG - Building SSL context
2024-06-01 10:21:55,317 - DEBUG - Switching to SSL
2024-06-01 10:21:55,320 - DEBUG - SSL has been enabled
2024-06-01 10:21:55,320 - DEBUG - Starting authorization phase
2024-06-01 10:21:55,320 - DEBUG - The provided initial strategy is caching_sha2_password
2024-06-01 10:21:55,320 - DEBUG - Exchanging further packets
2024-06-01 10:21:55,320 - DEBUG - caching_sha2_password completed succesfully
2024-06-01 10:21:55,323 - DEBUG - Building SSL context
2024-06-01 10:21:55,323 - DEBUG - Switching to SSL
2024-06-01 10:21:55,327 - DEBUG - SSL has been enabled
2024-06-01 10:21:55,327 - DEBUG - Starting authorization phase
2024-06-01 10:21:55,327 - DEBUG - The provided initial strategy is caching_sha2_password
2024-06-01 10:21:55,327 - DEBUG - Exchanging further packets
2024-06-01 10:21:55,327 - DEBUG - caching_sha2_password completed succesfully
2024-06-01 10:21:55,335 - DEBUG - Building SSL context
2024-06-01 10:21:55,335 - DEBUG - Switching to SSL
2024-06-01 10:21:55,338 - DEBUG - SSL has been enabled
2024-06-01 10:21:55,338 - DEBUG - Starting authorization phase
2024-06-01 10:21:55,338 - DEBUG - The provided initial strategy is caching_sha2_password
2024-06-01 10:21:55,339 - DEBUG - Exchanging further packets
2024-06-01 10:21:55,339 - DEBUG - caching_sha2_password completed succesfully
2024-06-01 10:21:55,341 - DEBUG - Building SSL context
2024-06-01 10:21:55,341 - DEBUG - Switching to SSL
2024-06-01 10:21:55,344 - DEBUG - SSL has been enabled
2024-06-01 10:21:55,344 - DEBUG - Starting authorization phase
2024-06-01 10:21:55,344 - DEBUG - The provided initial strategy is caching_sha2_password
2024-06-01 10:21:55,345 - DEBUG - Exchanging further packets
2024-06-01 10:21:55,346 - DEBUG - caching_sha2_password completed succesfully
2024-06-01 10:21:57,066 - DEBUG - Building SSL context
2024-06-01 10:21:57,067 - DEBUG - Switching to SSL
2024-06-01 10:21:57,073 - DEBUG - SSL has been enabled
2024-06-01 10:21:57,073 - DEBUG - Starting authorization phase
2024-06-01 10:21:57,073 - DEBUG - The provided initial strategy is caching_sha2_password
2024-06-01 10:21:57,074 - DEBUG - Exchanging further packets
2024-06-01 10:21:57,074 - DEBUG - caching_sha2_password completed succesfully
2024-06-01 10:21:57,078 - DEBUG - Building SSL context
2024-06-01 10:21:57,078 - DEBUG - Switching to SSL
2024-06-01 10:21:57,082 - DEBUG - SSL has been enabled
2024-06-01 10:21:57,082 - DEBUG - Starting authorization phase
2024-06-01 10:21:57,082 - DEBUG - The provided initial strategy is caching_sha2_password
2024-06-01 10:21:57,083 - DEBUG - Exchanging further packets
2024-06-01 10:21:57,083 - DEBUG - caching_sha2_password completed succesfully
2024-06-01 10:21:57,088 - DEBUG - Building SSL context
2024-06-01 10:21:57,089 - DEBUG - Switching to SSL
2024-06-01 10:21:57,091 - DEBUG - SSL has been enabled
2024-06-01 10:21:57,092 - DEBUG - Starting authorization phase
2024-06-01 10:21:57,092 - DEBUG - The provided initial strategy is caching_sha2_password
2024-06-01 10:21:57,092 - DEBUG - Exchanging further packets
2024-06-01 10:21:57,092 - DEBUG - caching_sha2_password completed succesfully
2024-06-01 10:21:57,095 - DEBUG - Building SSL context
2024-06-01 10:21:57,096 - DEBUG - Switching to SSL
2024-06-01 10:21:57,098 - DEBUG - SSL has been enabled
2024-06-01 10:21:57,099 - DEBUG - Starting authorization phase
2024-06-01 10:21:57,099 - DEBUG - The provided initial strategy is caching_sha2_password
2024-06-01 10:21:57,099 - DEBUG - Exchanging further packets
2024-06-01 10:21:57,100 - DEBUG - caching_sha2_password completed succesfully
2024-06-01 10:21:59,671 - DEBUG - Building SSL context
2024-06-01 10:21:59,672 - DEBUG - Switching to SSL
2024-06-01 10:21:59,674 - DEBUG - SSL has been enabled
2024-06-01 10:21:59,675 - DEBUG - Starting authorization phase
2024-06-01 10:21:59,675 - DEBUG - The provided initial strategy is caching_sha2_password
2024-06-01 10:21:59,675 - DEBUG - Exchanging further packets
2024-06-01 10:21:59,675 - DEBUG - caching_sha2_password completed succesfully
2024-06-01 10:21:59,677 - DEBUG - Building SSL context
2024-06-01 10:21:59,678 - DEBUG - Switching to SSL
2024-06-01 10:21:59,680 - DEBUG - SSL has been enabled
2024-06-01 10:21:59,680 - DEBUG - Starting authorization phase
2024-06-01 10:21:59,680 - DEBUG - The provided initial strategy is caching_sha2_password
2024-06-01 10:21:59,680 - DEBUG - Exchanging further packets
2024-06-01 10:21:59,680 - DEBUG - caching_sha2_password completed succesfully
2024-06-01 10:22:01,798 - DEBUG - Building SSL context
2024-06-01 10:22:01,798 - DEBUG - Switching to SSL
2024-06-01 10:22:01,803 - DEBUG - SSL has been enabled
2024-06-01 10:22:01,803 - DEBUG - Starting authorization phase
2024-06-01 10:22:01,803 - DEBUG - The provided initial strategy is caching_sha2_password
2024-06-01 10:22:01,804 - DEBUG - Exchanging further packets
2024-06-01 10:22:01,804 - DEBUG - caching_sha2_password completed succesfully
2024-06-01 10:22:01,809 - DEBUG - Building SSL context
2024-06-01 10:22:01,809 - DEBUG - Switching to SSL
2024-06-01 10:22:01,814 - DEBUG - SSL has been enabled
2024-06-01 10:22:01,814 - DEBUG - Starting authorization phase
2024-06-01 10:22:01,814 - DEBUG - The provided initial strategy is caching_sha2_password
2024-06-01 10:22:01,814 - DEBUG - Exchanging further packets
2024-06-01 10:22:01,814 - DEBUG - caching_sha2_password completed succesfully
2024-06-01 10:22:01,819 - DEBUG - Building SSL context
2024-06-01 10:22:01,820 - DEBUG - Switching to SSL
2024-06-01 10:22:01,823 - DEBUG - SSL has been enabled
2024-06-01 10:22:01,823 - DEBUG - Starting authorization phase
2024-06-01 10:22:01,823 - DEBUG - The provided initial strategy is caching_sha2_password
2024-06-01 10:22:01,824 - DEBUG - Exchanging further packets
2024-06-01 10:22:01,824 - DEBUG - caching_sha2_password completed succesfully
2024-06-01 10:22:01,827 - DEBUG - Building SSL context
2024-06-01 10:22:01,828 - DEBUG - Switching to SSL
2024-06-01 10:22:01,830 - DEBUG - SSL has been enabled
2024-06-01 10:22:01,831 - DEBUG - Starting authorization phase
2024-06-01 10:22:01,831 - DEBUG - The provided initial strategy is caching_sha2_password
2024-06-01 10:22:01,831 - DEBUG - Exchanging further packets
2024-06-01 10:22:01,832 - DEBUG - caching_sha2_password completed succesfully
2024-06-01 10:22:02,877 - DEBUG - Building SSL context
2024-06-01 10:22:02,878 - DEBUG - Switching to SSL
2024-06-01 10:22:02,883 - DEBUG - SSL has been enabled
2024-06-01 10:22:02,884 - DEBUG - Starting authorization phase
2024-06-01 10:22:02,884 - DEBUG - The provided initial strategy is caching_sha2_password
2024-06-01 10:22:02,884 - DEBUG - Exchanging further packets
2024-06-01 10:22:02,884 - DEBUG - caching_sha2_password completed succesfully
2024-06-01 10:22:02,887 - DEBUG - Building SSL context
2024-06-01 10:22:02,887 - DEBUG - Switching to SSL
2024-06-01 10:22:02,890 - DEBUG - SSL has been enabled
2024-06-01 10:22:02,890 - DEBUG - Starting authorization phase
2024-06-01 10:22:02,890 - DEBUG - The provided initial strategy is caching_sha2_password
2024-06-01 10:22:02,890 - DEBUG - Exchanging further packets
2024-06-01 10:22:02,890 - DEBUG - caching_sha2_password completed succesfully
2024-06-01 10:22:02,896 - DEBUG - Building SSL context
2024-06-01 10:22:02,896 - DEBUG - Switching to SSL
2024-06-01 10:22:02,898 - DEBUG - SSL has been enabled
2024-06-01 10:22:02,898 - DEBUG - Starting authorization phase
2024-06-01 10:22:02,898 - DEBUG - The provided initial strategy is caching_sha2_password
2024-06-01 10:22:02,898 - DEBUG - Exchanging further packets
2024-06-01 10:22:02,898 - DEBUG - caching_sha2_password completed succesfully
2024-06-01 10:22:02,900 - DEBUG - Building SSL context
2024-06-01 10:22:02,901 - DEBUG - Switching to SSL
2024-06-01 10:22:02,902 - DEBUG - SSL has been enabled
2024-06-01 10:22:02,903 - DEBUG - Starting authorization phase
2024-06-01 10:22:02,903 - DEBUG - The provided initial strategy is caching_sha2_password
2024-06-01 10:22:02,903 - DEBUG - Exchanging further packets
2024-06-01 10:22:02,903 - DEBUG - caching_sha2_password completed succesfully
2024-06-01 10:22:05,897 - DEBUG - Building SSL context
2024-06-01 10:22:05,898 - DEBUG - Switching to SSL
2024-06-01 10:22:05,902 - DEBUG - SSL has been enabled
2024-06-01 10:22:05,903 - DEBUG - Starting authorization phase
2024-06-01 10:22:05,903 - DEBUG - The provided initial strategy is caching_sha2_password
2024-06-01 10:22:05,903 - DEBUG - Exchanging further packets
2024-06-01 10:22:05,903 - DEBUG - caching_sha2_password completed succesfully
2024-06-01 10:22:05,907 - DEBUG - Building SSL context
2024-06-01 10:22:05,908 - DEBUG - Switching to SSL
2024-06-01 10:22:05,913 - DEBUG - SSL has been enabled
2024-06-01 10:22:05,913 - DEBUG - Starting authorization phase
2024-06-01 10:22:05,913 - DEBUG - The provided initial strategy is caching_sha2_password
2024-06-01 10:22:05,913 - DEBUG - Exchanging further packets
2024-06-01 10:22:05,913 - DEBUG - caching_sha2_password completed succesfully
2024-06-01 10:22:05,925 - INFO - Employee Deleted Successfully
2024-06-01 23:46:36,804 - DEBUG - Building SSL context
2024-06-01 23:46:36,805 - DEBUG - Switching to SSL
2024-06-01 23:46:36,809 - DEBUG - SSL has been enabled
2024-06-01 23:46:36,809 - DEBUG - Starting authorization phase
2024-06-01 23:46:36,809 - DEBUG - The provided initial strategy is caching_sha2_password
2024-06-01 23:46:36,809 - INFO - package: mysql.connector.plugins
2024-06-01 23:46:36,810 - INFO - plugin_name: caching_sha2_password
2024-06-01 23:46:36,810 - INFO - AUTHENTICATION_PLUGIN_CLASS: MySQLCachingSHA2PasswordAuthPlugin
2024-06-01 23:46:36,810 - DEBUG - Exchanging further packets
2024-06-01 23:46:36,816 - DEBUG - caching_sha2_password completed succesfully
2024-06-01 23:46:37,124 - INFO - User Logged In
2024-06-01 23:47:28,202 - DEBUG - Building SSL context
2024-06-01 23:47:28,203 - DEBUG - Switching to SSL
2024-06-01 23:47:28,207 - DEBUG - SSL has been enabled
2024-06-01 23:47:28,207 - DEBUG - Starting authorization phase
2024-06-01 23:47:28,207 - DEBUG - The provided initial strategy is caching_sha2_password
2024-06-01 23:47:28,207 - DEBUG - Exchanging further packets
2024-06-01 23:47:28,208 - DEBUG - caching_sha2_password completed succesfully
2024-06-01 23:47:32,352 - DEBUG - Building SSL context
2024-06-01 23:47:32,352 - DEBUG - Switching to SSL
2024-06-01 23:47:32,355 - DEBUG - SSL has been enabled
2024-06-01 23:47:32,355 - DEBUG - Starting authorization phase
2024-06-01 23:47:32,355 - DEBUG - The provided initial strategy is caching_sha2_password
2024-06-01 23:47:32,355 - DEBUG - Exchanging further packets
2024-06-01 23:47:32,355 - DEBUG - caching_sha2_password completed succesfully
2024-06-01 23:47:32,358 - DEBUG - Building SSL context
2024-06-01 23:47:32,359 - DEBUG - Switching to SSL
2024-06-01 23:47:32,361 - DEBUG - SSL has been enabled
2024-06-01 23:47:32,361 - DEBUG - Starting authorization phase
2024-06-01 23:47:32,361 - DEBUG - The provided initial strategy is caching_sha2_password
2024-06-01 23:47:32,361 - DEBUG - Exchanging further packets
2024-06-01 23:47:32,361 - DEBUG - caching_sha2_password completed succesfully
2024-06-01 23:47:37,865 - DEBUG - Building SSL context
2024-06-01 23:47:37,866 - DEBUG - Switching to SSL
2024-06-01 23:47:37,871 - DEBUG - SSL has been enabled
2024-06-01 23:47:37,871 - DEBUG - Starting authorization phase
2024-06-01 23:47:37,871 - DEBUG - The provided initial strategy is caching_sha2_password
2024-06-01 23:47:37,872 - DEBUG - Exchanging further packets
2024-06-01 23:47:37,872 - DEBUG - caching_sha2_password completed succesfully
2024-06-01 23:47:37,886 - DEBUG - Building SSL context
2024-06-01 23:47:37,887 - DEBUG - Switching to SSL
2024-06-01 23:47:37,891 - DEBUG - SSL has been enabled
2024-06-01 23:47:37,892 - DEBUG - Starting authorization phase
2024-06-01 23:47:37,893 - DEBUG - The provided initial strategy is caching_sha2_password
2024-06-01 23:47:37,894 - DEBUG - Exchanging further packets
2024-06-01 23:47:37,894 - DEBUG - caching_sha2_password completed succesfully
2024-06-02 01:05:28,886 - DEBUG - Building SSL context
2024-06-02 01:05:28,887 - DEBUG - Switching to SSL
2024-06-02 01:05:28,892 - DEBUG - SSL has been enabled
2024-06-02 01:05:28,893 - DEBUG - Starting authorization phase
2024-06-02 01:05:28,893 - DEBUG - The provided initial strategy is caching_sha2_password
2024-06-02 01:05:28,893 - DEBUG - Exchanging further packets
2024-06-02 01:05:28,894 - DEBUG - caching_sha2_password completed succesfully
2024-06-02 01:05:29,152 - INFO - User Logged In
2024-06-02 01:05:29,296 - DEBUG - Building SSL context
2024-06-02 01:05:29,297 - DEBUG - Switching to SSL
2024-06-02 01:05:29,300 - DEBUG - SSL has been enabled
2024-06-02 01:05:29,301 - DEBUG - Starting authorization phase
2024-06-02 01:05:29,301 - DEBUG - The provided initial strategy is caching_sha2_password
2024-06-02 01:05:29,302 - DEBUG - Exchanging further packets
2024-06-02 01:05:29,303 - DEBUG - caching_sha2_password completed succesfully
2024-06-02 01:05:29,317 - DEBUG - Building SSL context
2024-06-02 01:05:29,318 - DEBUG - Switching to SSL
2024-06-02 01:05:29,324 - DEBUG - SSL has been enabled
2024-06-02 01:05:29,325 - DEBUG - Starting authorization phase
2024-06-02 01:05:29,326 - DEBUG - The provided initial strategy is caching_sha2_password
2024-06-02 01:05:29,328 - DEBUG - Exchanging further packets
2024-06-02 01:05:29,329 - DEBUG - caching_sha2_password completed succesfully
2024-06-02 01:05:29,333 - INFO - Employees Fetched Successfully
2024-06-02 01:05:29,342 - DEBUG - Building SSL context
2024-06-02 01:05:29,343 - DEBUG - Switching to SSL
2024-06-02 01:05:29,348 - DEBUG - SSL has been enabled
2024-06-02 01:05:29,349 - DEBUG - Starting authorization phase
2024-06-02 01:05:29,349 - DEBUG - The provided initial strategy is caching_sha2_password
2024-06-02 01:05:29,349 - DEBUG - Exchanging further packets
2024-06-02 01:05:29,349 - DEBUG - caching_sha2_password completed succesfully
2024-06-02 01:05:29,357 - DEBUG - Building SSL context
2024-06-02 01:05:29,357 - DEBUG - Switching to SSL
2024-06-02 01:05:29,360 - DEBUG - SSL has been enabled
2024-06-02 01:05:29,361 - DEBUG - Starting authorization phase
2024-06-02 01:05:29,361 - DEBUG - The provided initial strategy is caching_sha2_password
2024-06-02 01:05:29,361 - DEBUG - Exchanging further packets
2024-06-02 01:05:29,362 - DEBUG - caching_sha2_password completed succesfully
2024-06-02 01:05:29,365 - INFO - Employees Fetched Successfully
2024-06-02 01:05:37,302 - DEBUG - Building SSL context
2024-06-02 01:05:37,302 - DEBUG - Switching to SSL
2024-06-02 01:05:37,305 - DEBUG - SSL has been enabled
2024-06-02 01:05:37,305 - DEBUG - Starting authorization phase
2024-06-02 01:05:37,305 - DEBUG - The provided initial strategy is caching_sha2_password
2024-06-02 01:05:37,306 - DEBUG - Exchanging further packets
2024-06-02 01:05:37,306 - DEBUG - caching_sha2_password completed succesfully
2024-06-02 01:05:37,311 - DEBUG - Building SSL context
2024-06-02 01:05:37,311 - DEBUG - Switching to SSL
2024-06-02 01:05:37,314 - DEBUG - SSL has been enabled
2024-06-02 01:05:37,314 - DEBUG - Starting authorization phase
2024-06-02 01:05:37,315 - DEBUG - The provided initial strategy is caching_sha2_password
2024-06-02 01:05:37,315 - DEBUG - Exchanging further packets
2024-06-02 01:05:37,315 - DEBUG - caching_sha2_password completed succesfully
2024-06-02 01:05:37,331 - DEBUG - Building SSL context
2024-06-02 01:05:37,331 - DEBUG - Switching to SSL
2024-06-02 01:05:37,333 - DEBUG - SSL has been enabled
2024-06-02 01:05:37,333 - DEBUG - Starting authorization phase
2024-06-02 01:05:37,334 - DEBUG - The provided initial strategy is caching_sha2_password
2024-06-02 01:05:37,334 - DEBUG - Exchanging further packets
2024-06-02 01:05:37,335 - DEBUG - caching_sha2_password completed succesfully
2024-06-02 01:05:37,342 - DEBUG - Building SSL context
2024-06-02 01:05:37,343 - DEBUG - Switching to SSL
2024-06-02 01:05:37,345 - DEBUG - SSL has been enabled
2024-06-02 01:05:37,345 - DEBUG - Starting authorization phase
2024-06-02 01:05:37,345 - DEBUG - The provided initial strategy is caching_sha2_password
2024-06-02 01:05:37,345 - DEBUG - Exchanging further packets
2024-06-02 01:05:37,345 - DEBUG - caching_sha2_password completed succesfully
2024-06-02 01:05:42,993 - DEBUG - Building SSL context
2024-06-02 01:05:42,993 - DEBUG - Switching to SSL
2024-06-02 01:05:42,998 - DEBUG - SSL has been enabled
2024-06-02 01:05:42,998 - DEBUG - Starting authorization phase
2024-06-02 01:05:42,998 - DEBUG - The provided initial strategy is caching_sha2_password
2024-06-02 01:05:42,999 - DEBUG - Exchanging further packets
2024-06-02 01:05:42,999 - DEBUG - caching_sha2_password completed succesfully
2024-06-02 01:05:43,003 - DEBUG - Building SSL context
2024-06-02 01:05:43,004 - DEBUG - Switching to SSL
2024-06-02 01:05:43,008 - DEBUG - SSL has been enabled
2024-06-02 01:05:43,008 - DEBUG - Starting authorization phase
2024-06-02 01:05:43,008 - DEBUG - The provided initial strategy is caching_sha2_password
2024-06-02 01:05:43,009 - DEBUG - Exchanging further packets
2024-06-02 01:05:43,009 - DEBUG - caching_sha2_password completed succesfully
2024-06-02 01:05:43,014 - DEBUG - Building SSL context
2024-06-02 01:05:43,014 - DEBUG - Switching to SSL
2024-06-02 01:05:43,018 - DEBUG - SSL has been enabled
2024-06-02 01:05:43,018 - DEBUG - Starting authorization phase
2024-06-02 01:05:43,018 - DEBUG - The provided initial strategy is caching_sha2_password
2024-06-02 01:05:43,019 - DEBUG - Exchanging further packets
2024-06-02 01:05:43,019 - DEBUG - caching_sha2_password completed succesfully
2024-06-02 01:05:43,025 - DEBUG - Building SSL context
2024-06-02 01:05:43,025 - DEBUG - Switching to SSL
2024-06-02 01:05:43,028 - DEBUG - SSL has been enabled
2024-06-02 01:05:43,028 - DEBUG - Starting authorization phase
2024-06-02 01:05:43,028 - DEBUG - The provided initial strategy is caching_sha2_password
2024-06-02 01:05:43,029 - DEBUG - Exchanging further packets
2024-06-02 01:05:43,029 - DEBUG - caching_sha2_password completed succesfully
2024-06-02 01:05:44,531 - DEBUG - Building SSL context
2024-06-02 01:05:44,532 - DEBUG - Switching to SSL
2024-06-02 01:05:44,537 - DEBUG - SSL has been enabled
2024-06-02 01:05:44,537 - DEBUG - Starting authorization phase
2024-06-02 01:05:44,537 - DEBUG - The provided initial strategy is caching_sha2_password
2024-06-02 01:05:44,538 - DEBUG - Exchanging further packets
2024-06-02 01:05:44,538 - DEBUG - caching_sha2_password completed succesfully
2024-06-02 01:05:44,542 - DEBUG - Building SSL context
2024-06-02 01:05:44,542 - DEBUG - Switching to SSL
2024-06-02 01:05:44,544 - DEBUG - SSL has been enabled
2024-06-02 01:05:44,544 - DEBUG - Starting authorization phase
2024-06-02 01:05:44,544 - DEBUG - The provided initial strategy is caching_sha2_password
2024-06-02 01:05:44,545 - DEBUG - Exchanging further packets
2024-06-02 01:05:44,545 - DEBUG - caching_sha2_password completed succesfully
2024-06-02 01:05:44,553 - DEBUG - Building SSL context
2024-06-02 01:05:44,554 - DEBUG - Switching to SSL
2024-06-02 01:05:44,557 - DEBUG - SSL has been enabled
2024-06-02 01:05:44,557 - DEBUG - Starting authorization phase
2024-06-02 01:05:44,557 - DEBUG - The provided initial strategy is caching_sha2_password
2024-06-02 01:05:44,558 - DEBUG - Exchanging further packets
2024-06-02 01:05:44,558 - DEBUG - caching_sha2_password completed succesfully
2024-06-02 01:05:44,561 - DEBUG - Building SSL context
2024-06-02 01:05:44,561 - DEBUG - Switching to SSL
2024-06-02 01:05:44,563 - DEBUG - SSL has been enabled
2024-06-02 01:05:44,563 - DEBUG - Starting authorization phase
2024-06-02 01:05:44,563 - DEBUG - The provided initial strategy is caching_sha2_password
2024-06-02 01:05:44,564 - DEBUG - Exchanging further packets
2024-06-02 01:05:44,564 - DEBUG - caching_sha2_password completed succesfully
2024-06-02 01:05:47,831 - DEBUG - Building SSL context
2024-06-02 01:05:47,831 - DEBUG - Switching to SSL
2024-06-02 01:05:47,837 - DEBUG - SSL has been enabled
2024-06-02 01:05:47,837 - DEBUG - Starting authorization phase
2024-06-02 01:05:47,837 - DEBUG - The provided initial strategy is caching_sha2_password
2024-06-02 01:05:47,838 - DEBUG - Exchanging further packets
2024-06-02 01:05:47,838 - DEBUG - caching_sha2_password completed succesfully
2024-06-02 01:05:47,842 - DEBUG - Building SSL context
2024-06-02 01:05:47,843 - DEBUG - Switching to SSL
2024-06-02 01:05:47,846 - DEBUG - SSL has been enabled
2024-06-02 01:05:47,846 - DEBUG - Starting authorization phase
2024-06-02 01:05:47,846 - DEBUG - The provided initial strategy is caching_sha2_password
2024-06-02 01:05:47,847 - DEBUG - Exchanging further packets
2024-06-02 01:05:47,847 - DEBUG - caching_sha2_password completed succesfully
2024-06-02 01:05:47,849 - INFO - Employees Fetched Successfully
2024-06-02 01:05:47,854 - DEBUG - Building SSL context
2024-06-02 01:05:47,855 - DEBUG - Switching to SSL
2024-06-02 01:05:47,857 - DEBUG - SSL has been enabled
2024-06-02 01:05:47,857 - DEBUG - Starting authorization phase
2024-06-02 01:05:47,857 - DEBUG - The provided initial strategy is caching_sha2_password
2024-06-02 01:05:47,858 - DEBUG - Exchanging further packets
2024-06-02 01:05:47,858 - DEBUG - caching_sha2_password completed succesfully
2024-06-02 01:05:47,860 - DEBUG - Building SSL context
2024-06-02 01:05:47,861 - DEBUG - Switching to SSL
2024-06-02 01:05:47,863 - DEBUG - SSL has been enabled
2024-06-02 01:05:47,863 - DEBUG - Starting authorization phase
2024-06-02 01:05:47,863 - DEBUG - The provided initial strategy is caching_sha2_password
2024-06-02 01:05:47,863 - DEBUG - Exchanging further packets
2024-06-02 01:05:47,863 - DEBUG - caching_sha2_password completed succesfully
2024-06-02 01:05:47,867 - INFO - Employees Fetched Successfully
2024-06-02 01:06:01,833 - DEBUG - Building SSL context
2024-06-02 01:06:01,834 - DEBUG - Switching to SSL
2024-06-02 01:06:01,838 - DEBUG - SSL has been enabled
2024-06-02 01:06:01,838 - DEBUG - Starting authorization phase
2024-06-02 01:06:01,838 - DEBUG - The provided initial strategy is caching_sha2_password
2024-06-02 01:06:01,838 - DEBUG - Exchanging further packets
2024-06-02 01:06:01,838 - DEBUG - caching_sha2_password completed succesfully
2024-06-02 01:06:02,098 - INFO - User Logged In
2024-06-02 01:06:02,161 - DEBUG - Building SSL context
2024-06-02 01:06:02,162 - DEBUG - Switching to SSL
2024-06-02 01:06:02,166 - DEBUG - SSL has been enabled
2024-06-02 01:06:02,167 - DEBUG - Starting authorization phase
2024-06-02 01:06:02,167 - DEBUG - The provided initial strategy is caching_sha2_password
2024-06-02 01:06:02,168 - DEBUG - Exchanging further packets
2024-06-02 01:06:02,169 - DEBUG - caching_sha2_password completed succesfully
2024-06-02 01:06:02,170 - DEBUG - Building SSL context
2024-06-02 01:06:02,170 - DEBUG - Switching to SSL
2024-06-02 01:06:02,174 - DEBUG - SSL has been enabled
2024-06-02 01:06:02,174 - DEBUG - Starting authorization phase
2024-06-02 01:06:02,175 - DEBUG - The provided initial strategy is caching_sha2_password
2024-06-02 01:06:02,175 - DEBUG - Building SSL context
2024-06-02 01:06:02,176 - DEBUG - Switching to SSL
2024-06-02 01:06:02,176 - DEBUG - Exchanging further packets
2024-06-02 01:06:02,177 - DEBUG - caching_sha2_password completed succesfully
2024-06-02 01:06:02,181 - DEBUG - SSL has been enabled
2024-06-02 01:06:02,181 - DEBUG - Starting authorization phase
2024-06-02 01:06:02,182 - DEBUG - The provided initial strategy is caching_sha2_password
2024-06-02 01:06:02,183 - DEBUG - Exchanging further packets
2024-06-02 01:06:02,183 - DEBUG - caching_sha2_password completed succesfully
2024-06-02 01:06:02,184 - DEBUG - Building SSL context
2024-06-02 01:06:02,185 - DEBUG - Switching to SSL
2024-06-02 01:06:02,187 - INFO - Employees Fetched Successfully
2024-06-02 01:06:02,188 - DEBUG - SSL has been enabled
2024-06-02 01:06:02,188 - DEBUG - Starting authorization phase
2024-06-02 01:06:02,189 - DEBUG - The provided initial strategy is caching_sha2_password
2024-06-02 01:06:02,189 - DEBUG - Exchanging further packets
2024-06-02 01:06:02,190 - DEBUG - caching_sha2_password completed succesfully
2024-06-02 01:06:02,191 - DEBUG - Building SSL context
2024-06-02 01:06:02,191 - DEBUG - Switching to SSL
2024-06-02 01:06:02,194 - DEBUG - SSL has been enabled
2024-06-02 01:06:02,195 - DEBUG - Starting authorization phase
2024-06-02 01:06:02,195 - DEBUG - The provided initial strategy is caching_sha2_password
2024-06-02 01:06:02,196 - DEBUG - Exchanging further packets
2024-06-02 01:06:02,196 - DEBUG - caching_sha2_password completed succesfully
2024-06-02 01:06:02,198 - DEBUG - Building SSL context
2024-06-02 01:06:02,198 - DEBUG - Switching to SSL
2024-06-02 01:06:02,201 - DEBUG - Building SSL context
2024-06-02 01:06:02,201 - DEBUG - SSL has been enabled
2024-06-02 01:06:02,201 - DEBUG - Starting authorization phase
2024-06-02 01:06:02,202 - DEBUG - Switching to SSL
2024-06-02 01:06:02,202 - DEBUG - The provided initial strategy is caching_sha2_password
2024-06-02 01:06:02,202 - DEBUG - Exchanging further packets
2024-06-02 01:06:02,202 - DEBUG - caching_sha2_password completed succesfully
2024-06-02 01:06:02,204 - DEBUG - SSL has been enabled
2024-06-02 01:06:02,204 - DEBUG - Starting authorization phase
2024-06-02 01:06:02,204 - DEBUG - The provided initial strategy is caching_sha2_password
2024-06-02 01:06:02,204 - DEBUG - Exchanging further packets
2024-06-02 01:06:02,204 - DEBUG - caching_sha2_password completed succesfully
2024-06-02 01:06:02,206 - DEBUG - Building SSL context
2024-06-02 01:06:02,206 - DEBUG - Switching to SSL
2024-06-02 01:06:02,206 - INFO - Employees Fetched Successfully
2024-06-02 01:06:02,208 - DEBUG - SSL has been enabled
2024-06-02 01:06:02,208 - DEBUG - Starting authorization phase
2024-06-02 01:06:02,208 - DEBUG - The provided initial strategy is caching_sha2_password
2024-06-02 01:06:02,209 - DEBUG - Exchanging further packets
2024-06-02 01:06:02,209 - DEBUG - caching_sha2_password completed succesfully
2024-06-02 01:06:08,730 - DEBUG - Building SSL context
2024-06-02 01:06:08,731 - DEBUG - Switching to SSL
2024-06-02 01:06:08,737 - DEBUG - SSL has been enabled
2024-06-02 01:06:08,738 - DEBUG - Starting authorization phase
2024-06-02 01:06:08,738 - DEBUG - The provided initial strategy is caching_sha2_password
2024-06-02 01:06:08,739 - DEBUG - Exchanging further packets
2024-06-02 01:06:08,739 - DEBUG - caching_sha2_password completed succesfully
2024-06-02 01:06:08,746 - DEBUG - Building SSL context
2024-06-02 01:06:08,746 - DEBUG - Switching to SSL
2024-06-02 01:06:08,749 - DEBUG - SSL has been enabled
2024-06-02 01:06:08,749 - DEBUG - Starting authorization phase
2024-06-02 01:06:08,749 - DEBUG - The provided initial strategy is caching_sha2_password
2024-06-02 01:06:08,750 - DEBUG - Exchanging further packets
2024-06-02 01:06:08,750 - DEBUG - caching_sha2_password completed succesfully
2024-06-02 01:06:08,755 - DEBUG - Building SSL context
2024-06-02 01:06:08,755 - DEBUG - Switching to SSL
2024-06-02 01:06:08,757 - DEBUG - SSL has been enabled
2024-06-02 01:06:08,757 - DEBUG - Starting authorization phase
2024-06-02 01:06:08,757 - DEBUG - The provided initial strategy is caching_sha2_password
2024-06-02 01:06:08,757 - DEBUG - Exchanging further packets
2024-06-02 01:06:08,757 - DEBUG - caching_sha2_password completed succesfully
2024-06-02 01:06:08,765 - DEBUG - Building SSL context
2024-06-02 01:06:08,765 - DEBUG - Switching to SSL
2024-06-02 01:06:08,768 - DEBUG - SSL has been enabled
2024-06-02 01:06:08,769 - DEBUG - Starting authorization phase
2024-06-02 01:06:08,769 - DEBUG - The provided initial strategy is caching_sha2_password
2024-06-02 01:06:08,769 - DEBUG - Exchanging further packets
2024-06-02 01:06:08,769 - DEBUG - caching_sha2_password completed succesfully
2024-06-02 01:06:08,806 - DEBUG - Building SSL context
2024-06-02 01:06:08,806 - DEBUG - Switching to SSL
2024-06-02 01:06:08,809 - DEBUG - SSL has been enabled
2024-06-02 01:06:08,810 - DEBUG - Starting authorization phase
2024-06-02 01:06:08,811 - DEBUG - The provided initial strategy is caching_sha2_password
2024-06-02 01:06:08,811 - DEBUG - Exchanging further packets
2024-06-02 01:06:08,813 - DEBUG - caching_sha2_password completed succesfully
2024-06-02 01:06:08,821 - DEBUG - Building SSL context
2024-06-02 01:06:08,822 - DEBUG - Switching to SSL
2024-06-02 01:06:08,824 - DEBUG - SSL has been enabled
2024-06-02 01:06:08,825 - DEBUG - Starting authorization phase
2024-06-02 01:06:08,825 - DEBUG - The provided initial strategy is caching_sha2_password
2024-06-02 01:06:08,826 - DEBUG - Exchanging further packets
2024-06-02 01:06:08,827 - DEBUG - caching_sha2_password completed succesfully
2024-06-02 01:06:08,838 - DEBUG - Building SSL context
2024-06-02 01:06:08,838 - DEBUG - Switching to SSL
2024-06-02 01:06:08,840 - DEBUG - SSL has been enabled
2024-06-02 01:06:08,840 - DEBUG - Starting authorization phase
2024-06-02 01:06:08,840 - DEBUG - The provided initial strategy is caching_sha2_password
2024-06-02 01:06:08,840 - DEBUG - Exchanging further packets
2024-06-02 01:06:08,841 - DEBUG - caching_sha2_password completed succesfully
2024-06-02 01:06:08,849 - DEBUG - Building SSL context
2024-06-02 01:06:08,850 - DEBUG - Switching to SSL
2024-06-02 01:06:08,852 - DEBUG - SSL has been enabled
2024-06-02 01:06:08,852 - DEBUG - Starting authorization phase
2024-06-02 01:06:08,852 - DEBUG - The provided initial strategy is caching_sha2_password
2024-06-02 01:06:08,853 - DEBUG - Exchanging further packets
2024-06-02 01:06:08,853 - DEBUG - caching_sha2_password completed succesfully
2024-06-02 01:06:18,885 - DEBUG - Building SSL context
2024-06-02 01:06:18,885 - DEBUG - Switching to SSL
2024-06-02 01:06:18,888 - DEBUG - SSL has been enabled
2024-06-02 01:06:18,889 - DEBUG - Starting authorization phase
2024-06-02 01:06:18,889 - DEBUG - The provided initial strategy is caching_sha2_password
2024-06-02 01:06:18,889 - DEBUG - Exchanging further packets
2024-06-02 01:06:18,889 - DEBUG - caching_sha2_password completed succesfully
2024-06-02 01:06:18,894 - DEBUG - Building SSL context
2024-06-02 01:06:18,894 - DEBUG - Switching to SSL
2024-06-02 01:06:18,898 - DEBUG - SSL has been enabled
2024-06-02 01:06:18,898 - DEBUG - Starting authorization phase
2024-06-02 01:06:18,898 - DEBUG - The provided initial strategy is caching_sha2_password
2024-06-02 01:06:18,899 - DEBUG - Exchanging further packets
2024-06-02 01:06:18,899 - DEBUG - caching_sha2_password completed succesfully
2024-06-02 01:06:18,904 - DEBUG - Building SSL context
2024-06-02 01:06:18,904 - DEBUG - Switching to SSL
2024-06-02 01:06:18,907 - DEBUG - SSL has been enabled
2024-06-02 01:06:18,907 - DEBUG - Starting authorization phase
2024-06-02 01:06:18,907 - DEBUG - The provided initial strategy is caching_sha2_password
2024-06-02 01:06:18,907 - DEBUG - Exchanging further packets
2024-06-02 01:06:18,908 - DEBUG - caching_sha2_password completed succesfully
2024-06-02 01:06:18,914 - DEBUG - Building SSL context
2024-06-02 01:06:18,914 - DEBUG - Switching to SSL
2024-06-02 01:06:18,916 - DEBUG - SSL has been enabled
2024-06-02 01:06:18,916 - DEBUG - Starting authorization phase
2024-06-02 01:06:18,917 - DEBUG - The provided initial strategy is caching_sha2_password
2024-06-02 01:06:18,917 - DEBUG - Exchanging further packets
2024-06-02 01:06:18,917 - DEBUG - caching_sha2_password completed succesfully
